2026-05-08 21:02:03,313 [WARNING] Wiki fail: Ayurveda — KnowledgeEntry.__init__() got an unexpected keyword argument 'seasonal_relevance'
2026-05-08 21:02:04,394 [WARNING] Wiki fail: Dosha — KnowledgeEntry.__init__() got an unexpected keyword argument 'seasonal_relevance'
2026-05-08 21:02:05,533 [WARNING] Wiki fail: Withania somnifera — KnowledgeEntry.__init__() got an unexpected keyword argument 'seasonal_relevance'
2026-05-08 21:02:06,656 [WARNING] Wiki fail: Ocimum tenuiflorum — KnowledgeEntry.__init__() got an unexpected keyword argument 'seasonal_relevance'
2026-05-08 21:02:07,945 [WARNING] Wiki fail: Turmeric — KnowledgeEntry.__init__() got an unexpected keyword argument 'seasonal_relevance'
2026-05-08 21:02:09,219 [WARNING] Wiki fail: Azadirachta indica — KnowledgeEntry.__init__() got an unexpected keyword argument 'seasonal_relevance'
2026-05-08 21:02:10,331 [WARNING] Wiki fail: Triphala — KnowledgeEntry.__init__() got an unexpected keyword argument 'seasonal_relevance'
2026-05-08 21:02:11,484 [WARNING] Wiki fail: Phyllanthus emblica — KnowledgeEntry.__init__() got an unexpected keyword argument 'seasonal_relevance'
2026-05-08 21:02:12,596 [WARNING] Wiki fail: Tinospora cordifolia — KnowledgeEntry.__init__() got an unexpected keyword argument 'seasonal_relevance'
2026-05-08 21:02:13,730 [WARNING] Wiki fail: Bacopa monnieri — KnowledgeEntry.__init__() got an unexpected keyword argument 'seasonal_relevance'
2026-05-08 21:02:16,081 [WARNING] Wiki fail: Curcumin — KnowledgeEntry.__init__() got an unexpected keyword argument 'seasonal_relevance'
2026-05-08 21:02:17,475 [WARNING] Wiki fail: Moringa oleifera — KnowledgeEntry.__init__() got an unexpected keyword argument 'seasonal_relevance'
2026-05-08 21:02:18,617 [WARNING] Wiki fail: Asparagus racemosus — KnowledgeEntry.__init__() got an unexpected keyword argument 'seasonal_relevance'
2026-05-08 21:02:19,801 [WARNING] Wiki fail: Shilajit — KnowledgeEntry.__init__() got an unexpected keyword argument 'seasonal_relevance'
2026-05-08 21:02:20,998 [WARNING] Wiki fail: Centella asiatica — KnowledgeEntry.__init__() got an unexpected keyword argument 'seasonal_relevance'
2026-05-08 21:02:22,161 [WARNING] Wiki fail: Nigella sativa — KnowledgeEntry.__init__() got an unexpected keyword argument 'seasonal_relevance'
2026-05-08 21:02:23,461 [WARNING] Wiki fail: Aloe vera — KnowledgeEntry.__init__() got an unexpected keyword argument 'seasonal_relevance'
2026-05-08 21:02:26,023 [WARNING] Wiki fail: Andrographis paniculata — KnowledgeEntry.__init__() got an unexpected keyword argument 'seasonal_relevance'
2026-05-08 21:02:27,243 [WARNING] Wiki fail: Terminalia chebula — KnowledgeEntry.__init__() got an unexpected keyword argument 'seasonal_relevance'
2026-05-08 21:02:31,146 [WARNING] Wiki fail: Tribulus terrestris — KnowledgeEntry.__init__() got an unexpected keyword argument 'seasonal_relevance'
2026-05-08 21:02:32,467 [WARNING] Wiki fail: Mucuna pruriens — KnowledgeEntry.__init__() got an unexpected keyword argument 'seasonal_relevance'
2026-05-08 21:02:33,689 [WARNING] Wiki fail: Boswellia serrata — KnowledgeEntry.__init__() got an unexpected keyword argument 'seasonal_relevance'
2026-05-08 21:02:34,923 [WARNING] Wiki fail: Cinnamomum verum — KnowledgeEntry.__init__() got an unexpected keyword argument 'seasonal_relevance'
2026-05-08 21:02:36,357 [WARNING] Wiki fail: Elettaria cardamomum — KnowledgeEntry.__init__() got an unexpected keyword argument 'seasonal_relevance'
2026-05-08 21:02:40,338 [WARNING] Wiki fail: Yoga — KnowledgeEntry.__init__() got an unexpected keyword argument 'seasonal_relevance'
2026-05-08 21:02:41,794 [WARNING] Wiki fail: Pranayama — KnowledgeEntry.__init__() got an unexpected keyword argument 'seasonal_relevance'
2026-05-08 21:02:44,421 [WARNING] Wiki fail: Hatha yoga — KnowledgeEntry.__init__() got an unexpected keyword argument 'seasonal_relevance'
2026-05-08 21:02:45,526 [WARNING] Wiki fail: Kundalini yoga — KnowledgeEntry.__init__() got an unexpected keyword argument 'seasonal_relevance'
2026-05-08 21:02:47,973 [WARNING] Wiki fail: Chakra — KnowledgeEntry.__init__() got an unexpected keyword argument 'seasonal_relevance'
2026-05-08 21:02:49,274 [WARNING] Wiki fail: Mudra — KnowledgeEntry.__init__() got an unexpected keyword argument 'seasonal_relevance'
2026-05-08 21:02:50,848 [WARNING] Wiki fail: Meditation — KnowledgeEntry.__init__() got an unexpected keyword argument 'seasonal_relevance'
2026-05-08 21:02:55,606 [WARNING] Wiki fail: Dinacharya — KnowledgeEntry.__init__() got an unexpected keyword argument 'seasonal_relevance'
2026-05-08 21:02:58,077 [WARNING] Wiki fail: Charaka Samhita — KnowledgeEntry.__init__() got an unexpected keyword argument 'seasonal_relevance'
2026-05-08 21:02:59,409 [WARNING] Wiki fail: Sushruta Samhita — KnowledgeEntry.__init__() got an unexpected keyword argument 'seasonal_relevance'
2026-05-08 21:03:02,062 [WARNING] Wiki fail: Siddha medicine — KnowledgeEntry.__init__() got an unexpected keyword argument 'seasonal_relevance'
2026-05-08 21:03:03,194 [WARNING] Wiki fail: Unani medicine — KnowledgeEntry.__init__() got an unexpected keyword argument 'seasonal_relevance'
2026-05-08 21:03:04,591 [WARNING] Wiki fail: Naturopathy — KnowledgeEntry.__init__() got an unexpected keyword argument 'seasonal_relevance'
2026-05-08 21:03:05,972 [WARNING] Wiki fail: Indian cuisine — KnowledgeEntry.__init__() got an unexpected keyword argument 'seasonal_relevance'
2026-05-08 21:03:07,193 [WARNING] Wiki fail: Ghee — KnowledgeEntry.__init__() got an unexpected keyword argument 'seasonal_relevance'
2026-05-08 21:03:08,520 [WARNING] Wiki fail: Sattvic diet — KnowledgeEntry.__init__() got an unexpected keyword argument 'seasonal_relevance'
2026-05-08 21:03:09,638 [WARNING] Wiki fail: Fermentation in food processing — KnowledgeEntry.__init__() got an unexpected keyword argument 'seasonal_relevance'
2026-05-08 21:03:10,952 [WARNING] Wiki fail: Spice — KnowledgeEntry.__init__() got an unexpected keyword argument 'seasonal_relevance'
2026-05-08 21:03:12,288 [WARNING] Wiki fail: Fasting — KnowledgeEntry.__init__() got an unexpected keyword argument 'seasonal_relevance'
2026-05-08 21:03:13,429 [WARNING] Wiki fail: Khichdi — KnowledgeEntry.__init__() got an unexpected keyword argument 'seasonal_relevance'
2026-05-08 21:03:16,747 [WARNING] Wiki fail: Zero Budget Natural Farming — KnowledgeEntry.__init__() got an unexpected keyword argument 'seasonal_relevance'
2026-05-08 21:03:18,340 [WARNING] Wiki fail: Organic farming — KnowledgeEntry.__init__() got an unexpected keyword argument 'seasonal_relevance'
2026-05-08 21:03:19,688 [WARNING] Wiki fail: Biodynamic agriculture — KnowledgeEntry.__init__() got an unexpected keyword argument 'seasonal_relevance'
2026-05-08 21:03:21,018 [WARNING] Wiki fail: Crop rotation — KnowledgeEntry.__init__() got an unexpected keyword argument 'seasonal_relevance'
2026-05-08 21:03:22,354 [WARNING] Wiki fail: Permaculture — KnowledgeEntry.__init__() got an unexpected keyword argument 'seasonal_relevance'
2026-05-08 21:03:23,987 [WARNING] Wiki fail: Indian mathematics — KnowledgeEntry.__init__() got an unexpected keyword argument 'seasonal_relevance'
2026-05-08 21:03:25,319 [WARNING] Wiki fail: Aryabhata — KnowledgeEntry.__init__() got an unexpected keyword argument 'seasonal_relevance'
2026-05-08 21:03:26,985 [WARNING] Wiki fail: Brahmagupta — KnowledgeEntry.__init__() got an unexpected keyword argument 'seasonal_relevance'
2026-05-08 21:03:29,408 [WARNING] Wiki fail: Vedic Mathematics — KnowledgeEntry.__init__() got an unexpected keyword argument 'seasonal_relevance'
2026-05-08 21:03:30,767 [WARNING] Wiki fail: Hindu astrology — KnowledgeEntry.__init__() got an unexpected keyword argument 'seasonal_relevance'
2026-05-08 21:03:32,201 [WARNING] Wiki fail: Indian astronomy — KnowledgeEntry.__init__() got an unexpected keyword argument 'seasonal_relevance'
2026-05-08 21:03:33,496 [WARNING] Wiki fail: Folklore of India — KnowledgeEntry.__init__() got an unexpected keyword argument 'seasonal_relevance'
2026-05-08 21:03:35,009 [WARNING] Wiki fail: Oral tradition — KnowledgeEntry.__init__() got an unexpected keyword argument 'seasonal_relevance'
2026-05-08 21:03:36,381 [WARNING] Wiki fail: Bharatanatyam — KnowledgeEntry.__init__() got an unexpected keyword argument 'seasonal_relevance'
2026-05-08 21:03:37,821 [WARNING] Wiki fail: Kalaripayattu — KnowledgeEntry.__init__() got an unexpected keyword argument 'seasonal_relevance'
2026-05-08 21:03:39,037 [WARNING] Wiki fail: Rangoli — KnowledgeEntry.__init__() got an unexpected keyword argument 'seasonal_relevance'
2026-05-08 21:03:40,379 [WARNING] Wiki fail: Carnatic music — KnowledgeEntry.__init__() got an unexpected keyword argument 'seasonal_relevance'
2026-05-08 21:03:41,592 [WARNING] Wiki fail: Kolam — KnowledgeEntry.__init__() got an unexpected keyword argument 'seasonal_relevance'
2026-05-08 21:03:44,255 [WARNING] Wiki fail: Vastu shastra — KnowledgeEntry.__init__() got an unexpected keyword argument 'seasonal_relevance'
2026-05-08 21:03:45,704 [WARNING] Wiki fail: Panchatantra — KnowledgeEntry.__init__() got an unexpected keyword argument 'seasonal_relevance'
2026-05-08 21:03:48,351 [WARNING] Wiki fail: Warli painting — KnowledgeEntry.__init__() got an unexpected keyword argument 'seasonal_relevance'
2026-05-08 21:03:51,608 [INFO]   JSON full → data/dadi_knowledge_base/json/knowledge_base_full.json (45 entries)
2026-05-08 21:03:51,611 [INFO]   Chatbot RAG JSON → data/dadi_knowledge_base/json/chatbot_knowledge_base.json
2026-05-08 21:03:51,619 [INFO]   Domain files → data/dadi_knowledge_base/domain_files/ (13 domains)
2026-05-08 21:03:51,620 [INFO]   CSV → data/dadi_knowledge_base/csv/knowledge_base.csv
2026-05-08 21:03:51,629 [INFO]   SQLite DB → data/dadi_knowledge_base/sqlite/knowledge_base.db
2026-05-08 21:03:51,631 [INFO]   JSONL fine-tune → data/dadi_knowledge_base/jsonl/finetune_conversations.jsonl
2026-05-08 21:03:51,632 [INFO]   Rasa NLU training data → data/dadi_knowledge_base/training_data/rasa_nlu.yml
2026-05-08 21:03:51,636 [INFO]   Markdown cards → data/dadi_knowledge_base/markdown/ (45 files)
2026-05-08 21:03:51,637 [INFO]   Prompt-ready text → data/dadi_knowledge_base/chatbot_system_prompt_seed.txt
2026-05-08 21:03:51,639 [INFO]   ChromaDB-ready → data/dadi_knowledge_base/embeddings/chromadb_ready.json
